<?xml version="1.0" encoding="UTF-8"?>
<!-- Generated by org.testng.reporters.JUnitXMLReporter -->
<testsuite ignored="0" hostname="MacBooks-MacBook-Pro.local" failures="0" tests="3" name="Test" time="45.702" errors="0" timestamp="2022-07-20T22:15:32 PST">
  <testcase classname="ZaleniumDemo.ZaleniumTestChrome" name="test1" time="9.445"/>
  <testcase classname="ZaleniumDemo.ZaleniumTestFirefox" name="test3" time="11.36"/>
  <testcase classname="ZaleniumDemo.ZaleniumTestChrome2" name="test2" time="45.642"/>
</testsuite> <!-- Test -->
