<?xml version="1.0" encoding="UTF-8"?>
<!-- Generated by org.testng.reporters.JUnitXMLReporter -->
<testsuite ignored="4" hostname="MacBooks-MacBook-Pro.local" failures="0" tests="3" name="Test" time="39.561" errors="0" timestamp="2022-07-25T19:57:54 PST">
  <testcase classname="ZaleniumDemo.ZaleniumTestFirefox" name="test3" time="7.836"/>
  <testcase classname="ZaleniumDemo.ZaleniumTestChrome" name="test1" time="14.324"/>
  <testcase classname="ZaleniumDemo.ZaleniumTestChrome2" name="test2" time="14.495"/>
  <testcase classname="ZaleniumDemo.ON_OFF_Zalenium" name="@BeforeTest start_Zalenium" time="0.0">
    <ignored/>
  </testcase> <!-- @BeforeTest start_Zalenium -->
  <testcase classname="ZaleniumDemo.ON_OFF_Zalenium" name="@AfterTest stop_Zalenium" time="0.0">
    <ignored/>
  </testcase> <!-- @AfterTest stop_Zalenium -->
  <testcase classname="ZaleniumDemo.ON_OFF_Zalenium" name="@AfterTest stop_Zalenium" time="0.0">
    <ignored/>
  </testcase> <!-- @AfterTest stop_Zalenium -->
  <testcase classname="ZaleniumDemo.ON_OFF_Zalenium" name="@BeforeTest start_Zalenium" time="0.0">
    <ignored/>
  </testcase> <!-- @BeforeTest start_Zalenium -->
</testsuite> <!-- Test -->
