<?xml version="1.0" encoding="UTF-8"?>
<testsuite xmlns:xsi="http://www.w3.org/2001/XMLSchema-instance" xsi:noNamespaceSchemaLocation="https://maven.apache.org/surefire/maven-surefire-plugin/xsd/surefire-test-report-3.0.xsd" version="3.0" name="TestSuite" time="40.009" tests="3" errors="0" skipped="0" failures="0">
  <properties>
[...]
</properties>
  <testcase name="test3" classname="ZaleniumDemo.ZaleniumTestFirefox" time="7.836">
    <system-out><![CDATA[Thread running: 21
Thread running: 22
Thread running: 23
Facebook - log in or sign up
]]></system-out>
    <system-err><![CDATA[SLF4J: Failed to load class "org.slf4j.impl.StaticLoggerBinder".
SLF4J: Defaulting to no-operation (NOP) logger implementation
SLF4J: See http://www.slf4j.org/codes.html#StaticLoggerBinder for further details.
Jul 25, 2022 7:57:30 PM org.openqa.selenium.remote.tracing.opentelemetry.OpenTelemetryTracer createTracer
INFO: Using OpenTelemetry for tracing
Jul 25, 2022 7:57:33 PM org.openqa.selenium.remote.ProtocolHandshake createSession
INFO: Detected upstream dialect: W3C
Jul 25, 2022 7:57:35 PM org.openqa.selenium.remote.ProtocolHandshake createSession
INFO: Detected upstream dialect: W3C
]]></system-err>
  </testcase>
  <testcase name="test1" classname="ZaleniumDemo.ZaleniumTestChrome" time="14.324">
    <system-out><![CDATA[Gmail
]]></system-out>
    <system-err><![CDATA[Jul 25, 2022 7:57:41 PM org.openqa.selenium.remote.ProtocolHandshake createSession
INFO: Detected upstream dialect: W3C
]]></system-err>
  </testcase>
  <testcase name="test2" classname="ZaleniumDemo.ZaleniumTestChrome2" time="14.494">
    <system-out><![CDATA[Yahoo Philippines | News, Sports and Lifestyle
]]></system-out>
  </testcase>
</testsuite>