<?xml version="1.0" encoding="UTF-8"?>
<testng-results ignored="0" total="3" passed="3" failed="0" skipped="0">
  <reporter-output>
  </reporter-output>
  <suite started-at="2022-07-20T22:14:47 PST" name="Suite" finished-at="2022-07-20T22:15:32 PST" duration-ms="45702">
    <groups>
    </groups>
    <test started-at="2022-07-20T22:14:47 PST" name="Test" finished-at="2022-07-20T22:15:32 PST" duration-ms="45702">
      <class name="ZaleniumDemo.ZaleniumTestFirefox">
        <test-method signature="test3()[pri:0, instance:ZaleniumDemo.ZaleniumTestFirefox@4310d43]" started-at="2022-07-20T22:14:47 PST" name="test3" finished-at="2022-07-20T22:14:58 PST" duration-ms="11360" status="PASS">
          <reporter-output>
          </reporter-output>
        </test-method> <!-- test3 -->
      </class> <!-- ZaleniumDemo.ZaleniumTestFirefox -->
      <class name="ZaleniumDemo.ZaleniumTestChrome">
        <test-method signature="test1()[pri:0, instance:ZaleniumDemo.ZaleniumTestChrome@4dbb42b7]" started-at="2022-07-20T22:14:47 PST" name="test1" finished-at="2022-07-20T22:14:56 PST" duration-ms="9445" status="PASS">
          <reporter-output>
          </reporter-output>
        </test-method> <!-- test1 -->
      </class> <!-- ZaleniumDemo.ZaleniumTestChrome -->
      <class name="ZaleniumDemo.ZaleniumTestChrome2">
        <test-method signature="test2()[pri:0, instance:ZaleniumDemo.ZaleniumTestChrome2@61001b64]" started-at="2022-07-20T22:14:47 PST" name="test2" finished-at="2022-07-20T22:15:32 PST" duration-ms="45642" status="PASS">
          <reporter-output>
          </reporter-output>
        </test-method> <!-- test2 -->
      </class> <!-- ZaleniumDemo.ZaleniumTestChrome2 -->
    </test> <!-- Test -->
  </suite> <!-- Suite -->
</testng-results>
